running egg_info
creating ../../build/turtlebot3_nav/turtlebot3_nav.egg-info
writing ../../build/turtlebot3_nav/turtlebot3_nav.egg-info/PKG-INFO
writing dependency_links to ../../build/turtlebot3_nav/turtlebot3_nav.egg-info/dependency_links.txt
writing requirements to ../../build/turtlebot3_nav/turtlebot3_nav.egg-info/requires.txt
writing top-level names to ../../build/turtlebot3_nav/turtlebot3_nav.egg-info/top_level.txt
writing manifest file '../../build/turtlebot3_nav/turtlebot3_nav.egg-info/SOURCES.txt'
reading manifest file '../../build/turtlebot3_nav/turtlebot3_nav.egg-info/SOURCES.txt'
writing manifest file '../../build/turtlebot3_nav/turtlebot3_nav.egg-info/SOURCES.txt'
running build
running build_py
creating /Users/lyo.quintao/Documents/development/Projects/ponderada2_mod8/build/turtlebot3_nav/build
creating /Users/lyo.quintao/Documents/development/Projects/ponderada2_mod8/build/turtlebot3_nav/build/lib
creating /Users/lyo.quintao/Documents/development/Projects/ponderada2_mod8/build/turtlebot3_nav/build/lib/turtlebot3_nav
copying turtlebot3_nav/__init__.py -> /Users/lyo.quintao/Documents/development/Projects/ponderada2_mod8/build/turtlebot3_nav/build/lib/turtlebot3_nav
running install
running install_lib
creating /Users/lyo.quintao/Documents/development/Projects/ponderada2_mod8/install/turtlebot3_nav/lib/python3.10/site-packages/turtlebot3_nav
copying /Users/lyo.quintao/Documents/development/Projects/ponderada2_mod8/build/turtlebot3_nav/build/lib/turtlebot3_nav/__init__.py -> /Users/lyo.quintao/Documents/development/Projects/ponderada2_mod8/install/turtlebot3_nav/lib/python3.10/site-packages/turtlebot3_nav
byte-compiling /Users/lyo.quintao/Documents/development/Projects/ponderada2_mod8/install/turtlebot3_nav/lib/python3.10/site-packages/turtlebot3_nav/__init__.py to __init__.cpython-310.pyc
running install_data
creating /Users/lyo.quintao/Documents/development/Projects/ponderada2_mod8/install/turtlebot3_nav/share/ament_index
creating /Users/lyo.quintao/Documents/development/Projects/ponderada2_mod8/install/turtlebot3_nav/share/ament_index/resource_index
creating /Users/lyo.quintao/Documents/development/Projects/ponderada2_mod8/install/turtlebot3_nav/share/ament_index/resource_index/packages
copying resource/turtlebot3_nav -> /Users/lyo.quintao/Documents/development/Projects/ponderada2_mod8/install/turtlebot3_nav/share/ament_index/resource_index/packages
copying package.xml -> /Users/lyo.quintao/Documents/development/Projects/ponderada2_mod8/install/turtlebot3_nav/share/turtlebot3_nav
running install_egg_info
Copying ../../build/turtlebot3_nav/turtlebot3_nav.egg-info to /Users/lyo.quintao/Documents/development/Projects/ponderada2_mod8/install/turtlebot3_nav/lib/python3.10/site-packages/turtlebot3_nav-0.0.0-py3.10.egg-info
running install_scripts
writing list of installed files to '/Users/lyo.quintao/Documents/development/Projects/ponderada2_mod8/build/turtlebot3_nav/install.log'
