[0.394s] DEBUG:colcon:Command line arguments: ['/usr/bin/colcon', 'build']
[0.394s] DEBUG:colcon:Parsed command line arguments: Namespace(log_base=None, log_level=None, verb_name='build', build_base='build', install_base='install', merge_install=False, symlink_install=False, test_result_base=None, continue_on_error=False, executor='parallel', parallel_workers=4, event_handlers=None, ignore_user_meta=False, metas=['./colcon.meta'], base_paths=['.'], packages_ignore=None, packages_ignore_regex=None, paths=None, packages_up_to=None, packages_up_to_regex=None, packages_above=None, packages_above_and_dependencies=None, packages_above_depth=None, packages_select_by_dep=None, packages_skip_by_dep=None, packages_skip_up_to=None, packages_select_build_failed=False, packages_skip_build_finished=False, packages_select_test_failures=False, packages_skip_test_passed=False, packages_select=None, packages_skip=None, packages_select_regex=None, packages_skip_regex=None, packages_start=None, packages_end=None, allow_overriding=[], cmake_args=None, cmake_target=None, cmake_target_skip_unavailable=False, cmake_clean_cache=False, cmake_clean_first=False, cmake_force_configure=False, ament_cmake_args=None, catkin_cmake_args=None, catkin_skip_building_tests=False, verb_parser=<colcon_defaults.argument_parser.defaults.DefaultArgumentsDecorator object at 0xffffadbea6b0>, verb_extension=<colcon_core.verb.build.BuildVerb object at 0xffffadbeb310>, main=<bound method BuildVerb.main of <colcon_core.verb.build.BuildVerb object at 0xffffadbeb310>>)
[0.422s] Level 1:colcon.colcon_core.package_discovery:discover_packages(colcon_meta) check parameters
[0.422s] Level 1:colcon.colcon_core.package_discovery:discover_packages(recursive) check parameters
[0.422s] Level 1:colcon.colcon_core.package_discovery:discover_packages(ignore) check parameters
[0.422s] Level 1:colcon.colcon_core.package_discovery:discover_packages(path) check parameters
[0.422s] Level 1:colcon.colcon_core.package_discovery:discover_packages(colcon_meta) discover
[0.422s] Level 1:colcon.colcon_core.package_discovery:discover_packages(recursive) discover
[0.422s] INFO:colcon.colcon_core.package_discovery:Crawling recursively for packages in '/home/lyorrei/Documents/Projects/ponderada2_mod8'
[0.422s] Level 1:colcon.colcon_core.package_identification:_identify(.) by extensions ['ignore', 'ignore_ament_install']
[0.422s] Level 1:colcon.colcon_core.package_identification:_identify(.) by extension 'ignore'
[0.422s] Level 1:colcon.colcon_core.package_identification:_identify(.) by extension 'ignore_ament_install'
[0.422s] Level 1:colcon.colcon_core.package_identification:_identify(.) by extensions ['colcon_pkg']
[0.422s] Level 1:colcon.colcon_core.package_identification:_identify(.) by extension 'colcon_pkg'
[0.422s] Level 1:colcon.colcon_core.package_identification:_identify(.) by extensions ['colcon_meta']
[0.422s] Level 1:colcon.colcon_core.package_identification:_identify(.) by extension 'colcon_meta'
[0.423s] Level 1:colcon.colcon_core.package_identification:_identify(.) by extensions ['ros']
[0.423s] Level 1:colcon.colcon_core.package_identification:_identify(.) by extension 'ros'
[0.430s] Level 1:colcon.colcon_core.package_identification:_identify(.) by extensions ['cmake', 'python']
[0.430s] Level 1:colcon.colcon_core.package_identification:_identify(.) by extension 'cmake'
[0.430s] Level 1:colcon.colcon_core.package_identification:_identify(.) by extension 'python'
[0.430s] Level 1:colcon.colcon_core.package_identification:_identify(.) by extensions ['python_setup_py']
[0.430s] Level 1:colcon.colcon_core.package_identification:_identify(.) by extension 'python_setup_py'
[0.430s] Level 1:colcon.colcon_core.package_identification:_identify(build) by extensions ['ignore', 'ignore_ament_install']
[0.430s] Level 1:colcon.colcon_core.package_identification:_identify(build) by extension 'ignore'
[0.430s] Level 1:colcon.colcon_core.package_identification:_identify(build) ignored
[0.430s] Level 1:colcon.colcon_core.package_identification:_identify(install) by extensions ['ignore', 'ignore_ament_install']
[0.430s] Level 1:colcon.colcon_core.package_identification:_identify(install) by extension 'ignore'
[0.430s] Level 1:colcon.colcon_core.package_identification:_identify(install) ignored
[0.430s] Level 1:colcon.colcon_core.package_identification:_identify(log) by extensions ['ignore', 'ignore_ament_install']
[0.430s] Level 1:colcon.colcon_core.package_identification:_identify(log) by extension 'ignore'
[0.430s] Level 1:colcon.colcon_core.package_identification:_identify(log) ignored
[0.430s] Level 1:colcon.colcon_core.package_identification:_identify(maps) by extensions ['ignore', 'ignore_ament_install']
[0.430s] Level 1:colcon.colcon_core.package_identification:_identify(maps) by extension 'ignore'
[0.430s] Level 1:colcon.colcon_core.package_identification:_identify(maps) by extension 'ignore_ament_install'
[0.430s] Level 1:colcon.colcon_core.package_identification:_identify(maps) by extensions ['colcon_pkg']
[0.430s] Level 1:colcon.colcon_core.package_identification:_identify(maps) by extension 'colcon_pkg'
[0.430s] Level 1:colcon.colcon_core.package_identification:_identify(maps) by extensions ['colcon_meta']
[0.430s] Level 1:colcon.colcon_core.package_identification:_identify(maps) by extension 'colcon_meta'
[0.430s] Level 1:colcon.colcon_core.package_identification:_identify(maps) by extensions ['ros']
[0.430s] Level 1:colcon.colcon_core.package_identification:_identify(maps) by extension 'ros'
[0.431s] Level 1:colcon.colcon_core.package_identification:_identify(maps) by extensions ['cmake', 'python']
[0.431s] Level 1:colcon.colcon_core.package_identification:_identify(maps) by extension 'cmake'
[0.431s] Level 1:colcon.colcon_core.package_identification:_identify(maps) by extension 'python'
[0.431s] Level 1:colcon.colcon_core.package_identification:_identify(maps) by extensions ['python_setup_py']
[0.431s] Level 1:colcon.colcon_core.package_identification:_identify(maps) by extension 'python_setup_py'
[0.431s] Level 1:colcon.colcon_core.package_identification:_identify(src) by extensions ['ignore', 'ignore_ament_install']
[0.431s] Level 1:colcon.colcon_core.package_identification:_identify(src) by extension 'ignore'
[0.431s] Level 1:colcon.colcon_core.package_identification:_identify(src) by extension 'ignore_ament_install'
[0.431s] Level 1:colcon.colcon_core.package_identification:_identify(src) by extensions ['colcon_pkg']
[0.431s] Level 1:colcon.colcon_core.package_identification:_identify(src) by extension 'colcon_pkg'
[0.431s] Level 1:colcon.colcon_core.package_identification:_identify(src) by extensions ['colcon_meta']
[0.431s] Level 1:colcon.colcon_core.package_identification:_identify(src) by extension 'colcon_meta'
[0.431s] Level 1:colcon.colcon_core.package_identification:_identify(src) by extensions ['ros']
[0.431s] Level 1:colcon.colcon_core.package_identification:_identify(src) by extension 'ros'
[0.431s] Level 1:colcon.colcon_core.package_identification:_identify(src) by extensions ['cmake', 'python']
[0.431s] Level 1:colcon.colcon_core.package_identification:_identify(src) by extension 'cmake'
[0.431s] Level 1:colcon.colcon_core.package_identification:_identify(src) by extension 'python'
[0.431s] Level 1:colcon.colcon_core.package_identification:_identify(src) by extensions ['python_setup_py']
[0.431s] Level 1:colcon.colcon_core.package_identification:_identify(src) by extension 'python_setup_py'
[0.431s] Level 1:colcon.colcon_core.package_identification:_identify(src/turtlebot3_nav) by extensions ['ignore', 'ignore_ament_install']
[0.431s] Level 1:colcon.colcon_core.package_identification:_identify(src/turtlebot3_nav) by extension 'ignore'
[0.431s] Level 1:colcon.colcon_core.package_identification:_identify(src/turtlebot3_nav) by extension 'ignore_ament_install'
[0.431s] Level 1:colcon.colcon_core.package_identification:_identify(src/turtlebot3_nav) by extensions ['colcon_pkg']
[0.431s] Level 1:colcon.colcon_core.package_identification:_identify(src/turtlebot3_nav) by extension 'colcon_pkg'
[0.431s] Level 1:colcon.colcon_core.package_identification:_identify(src/turtlebot3_nav) by extensions ['colcon_meta']
[0.431s] Level 1:colcon.colcon_core.package_identification:_identify(src/turtlebot3_nav) by extension 'colcon_meta'
[0.431s] Level 1:colcon.colcon_core.package_identification:_identify(src/turtlebot3_nav) by extensions ['ros']
[0.431s] Level 1:colcon.colcon_core.package_identification:_identify(src/turtlebot3_nav) by extension 'ros'
[0.433s] DEBUG:colcon.colcon_core.package_identification:Package 'src/turtlebot3_nav' with type 'ros.ament_python' and name 'turtlebot3_nav'
[0.433s] Level 1:colcon.colcon_core.package_identification:_identify(src/turtlebot3_nav_mapper) by extensions ['ignore', 'ignore_ament_install']
[0.433s] Level 1:colcon.colcon_core.package_identification:_identify(src/turtlebot3_nav_mapper) by extension 'ignore'
[0.433s] Level 1:colcon.colcon_core.package_identification:_identify(src/turtlebot3_nav_mapper) by extension 'ignore_ament_install'
[0.433s] Level 1:colcon.colcon_core.package_identification:_identify(src/turtlebot3_nav_mapper) by extensions ['colcon_pkg']
[0.433s] Level 1:colcon.colcon_core.package_identification:_identify(src/turtlebot3_nav_mapper) by extension 'colcon_pkg'
[0.433s] Level 1:colcon.colcon_core.package_identification:_identify(src/turtlebot3_nav_mapper) by extensions ['colcon_meta']
[0.433s] Level 1:colcon.colcon_core.package_identification:_identify(src/turtlebot3_nav_mapper) by extension 'colcon_meta'
[0.433s] Level 1:colcon.colcon_core.package_identification:_identify(src/turtlebot3_nav_mapper) by extensions ['ros']
[0.433s] Level 1:colcon.colcon_core.package_identification:_identify(src/turtlebot3_nav_mapper) by extension 'ros'
[0.434s] DEBUG:colcon.colcon_core.package_identification:Package 'src/turtlebot3_nav_mapper' with type 'ros.ament_python' and name 'turtlebot3_nav_mapper'
[0.434s] Level 1:colcon.colcon_core.package_discovery:discover_packages(recursive) using defaults
[0.434s] Level 1:colcon.colcon_core.package_discovery:discover_packages(ignore) discover
[0.434s] Level 1:colcon.colcon_core.package_discovery:discover_packages(ignore) using defaults
[0.434s] Level 1:colcon.colcon_core.package_discovery:discover_packages(path) discover
[0.434s] Level 1:colcon.colcon_core.package_discovery:discover_packages(path) using defaults
[0.482s] Level 1:colcon.colcon_core.package_discovery:discover_packages(prefix_path) check parameters
[0.482s] Level 1:colcon.colcon_core.package_discovery:discover_packages(prefix_path) discover
[0.492s] DEBUG:colcon.colcon_installed_package_information.package_discovery:Found 2 installed packages in /home/lyorrei/Documents/Projects/ponderada2_mod8/install
[0.497s] DEBUG:colcon.colcon_installed_package_information.package_discovery:Found 336 installed packages in /opt/ros/humble
[0.497s] Level 1:colcon.colcon_core.package_discovery:discover_packages(prefix_path) using defaults
[0.548s] Level 5:colcon.colcon_core.verb:set package 'turtlebot3_nav' build argument 'cmake_args' from command line to 'None'
[0.548s] Level 5:colcon.colcon_core.verb:set package 'turtlebot3_nav' build argument 'cmake_target' from command line to 'None'
[0.548s] Level 5:colcon.colcon_core.verb:set package 'turtlebot3_nav' build argument 'cmake_target_skip_unavailable' from command line to 'False'
[0.548s] Level 5:colcon.colcon_core.verb:set package 'turtlebot3_nav' build argument 'cmake_clean_cache' from command line to 'False'
[0.548s] Level 5:colcon.colcon_core.verb:set package 'turtlebot3_nav' build argument 'cmake_clean_first' from command line to 'False'
[0.548s] Level 5:colcon.colcon_core.verb:set package 'turtlebot3_nav' build argument 'cmake_force_configure' from command line to 'False'
[0.548s] Level 5:colcon.colcon_core.verb:set package 'turtlebot3_nav' build argument 'ament_cmake_args' from command line to 'None'
[0.548s] Level 5:colcon.colcon_core.verb:set package 'turtlebot3_nav' build argument 'catkin_cmake_args' from command line to 'None'
[0.548s] Level 5:colcon.colcon_core.verb:set package 'turtlebot3_nav' build argument 'catkin_skip_building_tests' from command line to 'False'
[0.548s] DEBUG:colcon.colcon_core.verb:Building package 'turtlebot3_nav' with the following arguments: {'ament_cmake_args': None, 'build_base': '/home/lyorrei/Documents/Projects/ponderada2_mod8/build/turtlebot3_nav', 'catkin_cmake_args': None, 'catkin_skip_building_tests': False, 'cmake_args': None, 'cmake_clean_cache': False, 'cmake_clean_first': False, 'cmake_force_configure': False, 'cmake_target': None, 'cmake_target_skip_unavailable': False, 'install_base': '/home/lyorrei/Documents/Projects/ponderada2_mod8/install/turtlebot3_nav', 'merge_install': False, 'path': '/home/lyorrei/Documents/Projects/ponderada2_mod8/src/turtlebot3_nav', 'symlink_install': False, 'test_result_base': None}
[0.553s] Level 5:colcon.colcon_core.verb:set package 'turtlebot3_nav_mapper' build argument 'cmake_args' from command line to 'None'
[0.553s] Level 5:colcon.colcon_core.verb:set package 'turtlebot3_nav_mapper' build argument 'cmake_target' from command line to 'None'
[0.553s] Level 5:colcon.colcon_core.verb:set package 'turtlebot3_nav_mapper' build argument 'cmake_target_skip_unavailable' from command line to 'False'
[0.553s] Level 5:colcon.colcon_core.verb:set package 'turtlebot3_nav_mapper' build argument 'cmake_clean_cache' from command line to 'False'
[0.553s] Level 5:colcon.colcon_core.verb:set package 'turtlebot3_nav_mapper' build argument 'cmake_clean_first' from command line to 'False'
[0.553s] Level 5:colcon.colcon_core.verb:set package 'turtlebot3_nav_mapper' build argument 'cmake_force_configure' from command line to 'False'
[0.553s] Level 5:colcon.colcon_core.verb:set package 'turtlebot3_nav_mapper' build argument 'ament_cmake_args' from command line to 'None'
[0.553s] Level 5:colcon.colcon_core.verb:set package 'turtlebot3_nav_mapper' build argument 'catkin_cmake_args' from command line to 'None'
[0.553s] Level 5:colcon.colcon_core.verb:set package 'turtlebot3_nav_mapper' build argument 'catkin_skip_building_tests' from command line to 'False'
[0.553s] DEBUG:colcon.colcon_core.verb:Building package 'turtlebot3_nav_mapper' with the following arguments: {'ament_cmake_args': None, 'build_base': '/home/lyorrei/Documents/Projects/ponderada2_mod8/build/turtlebot3_nav_mapper', 'catkin_cmake_args': None, 'catkin_skip_building_tests': False, 'cmake_args': None, 'cmake_clean_cache': False, 'cmake_clean_first': False, 'cmake_force_configure': False, 'cmake_target': None, 'cmake_target_skip_unavailable': False, 'install_base': '/home/lyorrei/Documents/Projects/ponderada2_mod8/install/turtlebot3_nav_mapper', 'merge_install': False, 'path': '/home/lyorrei/Documents/Projects/ponderada2_mod8/src/turtlebot3_nav_mapper', 'symlink_install': False, 'test_result_base': None}
[0.557s] INFO:colcon.colcon_core.executor:Executing jobs using 'parallel' executor
[0.562s] DEBUG:colcon.colcon_parallel_executor.executor.parallel:run_until_complete
[0.563s] INFO:colcon.colcon_ros.task.ament_python.build:Building ROS package in '/home/lyorrei/Documents/Projects/ponderada2_mod8/src/turtlebot3_nav' with build type 'ament_python'
[0.563s] Level 1:colcon.colcon_core.shell:create_environment_hook('turtlebot3_nav', 'ament_prefix_path')
[0.570s] INFO:colcon.colcon_core.plugin_system:Skipping extension 'colcon_core.shell.bat': Not used on non-Windows systems
[0.570s] INFO:colcon.colcon_core.shell:Creating environment hook '/home/lyorrei/Documents/Projects/ponderada2_mod8/install/turtlebot3_nav/share/turtlebot3_nav/hook/ament_prefix_path.ps1'
[0.570s] INFO:colcon.colcon_core.shell:Creating environment descriptor '/home/lyorrei/Documents/Projects/ponderada2_mod8/install/turtlebot3_nav/share/turtlebot3_nav/hook/ament_prefix_path.dsv'
[0.571s] INFO:colcon.colcon_core.shell:Creating environment hook '/home/lyorrei/Documents/Projects/ponderada2_mod8/install/turtlebot3_nav/share/turtlebot3_nav/hook/ament_prefix_path.sh'
[0.582s] INFO:colcon.colcon_core.shell:Skip shell extension 'powershell' for command environment: Not usable outside of PowerShell
[0.582s] DEBUG:colcon.colcon_core.shell:Skip shell extension 'dsv' for command environment
[0.598s] INFO:colcon.colcon_ros.task.ament_python.build:Building ROS package in '/home/lyorrei/Documents/Projects/ponderada2_mod8/src/turtlebot3_nav_mapper' with build type 'ament_python'
[0.598s] Level 1:colcon.colcon_core.shell:create_environment_hook('turtlebot3_nav_mapper', 'ament_prefix_path')
[0.604s] INFO:colcon.colcon_core.shell:Creating environment hook '/home/lyorrei/Documents/Projects/ponderada2_mod8/install/turtlebot3_nav_mapper/share/turtlebot3_nav_mapper/hook/ament_prefix_path.ps1'
[0.604s] INFO:colcon.colcon_core.shell:Creating environment descriptor '/home/lyorrei/Documents/Projects/ponderada2_mod8/install/turtlebot3_nav_mapper/share/turtlebot3_nav_mapper/hook/ament_prefix_path.dsv'
[0.604s] INFO:colcon.colcon_core.shell:Creating environment hook '/home/lyorrei/Documents/Projects/ponderada2_mod8/install/turtlebot3_nav_mapper/share/turtlebot3_nav_mapper/hook/ament_prefix_path.sh'
[0.610s] INFO:colcon.colcon_core.shell:Skip shell extension 'powershell' for command environment: Not usable outside of PowerShell
[0.610s] DEBUG:colcon.colcon_core.shell:Skip shell extension 'dsv' for command environment
[0.754s] INFO:colcon.colcon_core.task.python.build:Building Python package in '/home/lyorrei/Documents/Projects/ponderada2_mod8/src/turtlebot3_nav'
[0.760s] INFO:colcon.colcon_core.shell:Skip shell extension 'powershell' for command environment: Not usable outside of PowerShell
[0.760s] DEBUG:colcon.colcon_core.shell:Skip shell extension 'dsv' for command environment
[0.902s] INFO:colcon.colcon_core.task.python.build:Building Python package in '/home/lyorrei/Documents/Projects/ponderada2_mod8/src/turtlebot3_nav_mapper'
[0.907s] INFO:colcon.colcon_core.shell:Skip shell extension 'powershell' for command environment: Not usable outside of PowerShell
[0.907s] DEBUG:colcon.colcon_core.shell:Skip shell extension 'dsv' for command environment
[1.090s] DEBUG:colcon.colcon_core.event_handler.log_command:Invoking command in '/home/lyorrei/Documents/Projects/ponderada2_mod8/src/turtlebot3_nav': PYTHONPATH=/home/lyorrei/Documents/Projects/ponderada2_mod8/build/turtlebot3_nav/prefix_override:/home/lyorrei/Documents/Projects/ponderada2_mod8/install/turtlebot3_nav/lib/python3.10/site-packages:${PYTHONPATH} /usr/bin/python3 setup.py egg_info --egg-base ../../build/turtlebot3_nav build --build-base /home/lyorrei/Documents/Projects/ponderada2_mod8/build/turtlebot3_nav/build install --record /home/lyorrei/Documents/Projects/ponderada2_mod8/build/turtlebot3_nav/install.log --single-version-externally-managed
[1.096s] DEBUG:colcon.colcon_core.event_handler.log_command:Invoking command in '/home/lyorrei/Documents/Projects/ponderada2_mod8/src/turtlebot3_nav_mapper': PYTHONPATH=/home/lyorrei/Documents/Projects/ponderada2_mod8/build/turtlebot3_nav_mapper/prefix_override:/home/lyorrei/Documents/Projects/ponderada2_mod8/install/turtlebot3_nav_mapper/lib/python3.10/site-packages:${PYTHONPATH} /usr/bin/python3 setup.py egg_info --egg-base ../../build/turtlebot3_nav_mapper build --build-base /home/lyorrei/Documents/Projects/ponderada2_mod8/build/turtlebot3_nav_mapper/build install --record /home/lyorrei/Documents/Projects/ponderada2_mod8/build/turtlebot3_nav_mapper/install.log --single-version-externally-managed
[1.235s] DEBUG:colcon.colcon_core.event_handler.log_command:Invoked command in '/home/lyorrei/Documents/Projects/ponderada2_mod8/src/turtlebot3_nav' returned '0': PYTHONPATH=/home/lyorrei/Documents/Projects/ponderada2_mod8/build/turtlebot3_nav/prefix_override:/home/lyorrei/Documents/Projects/ponderada2_mod8/install/turtlebot3_nav/lib/python3.10/site-packages:${PYTHONPATH} /usr/bin/python3 setup.py egg_info --egg-base ../../build/turtlebot3_nav build --build-base /home/lyorrei/Documents/Projects/ponderada2_mod8/build/turtlebot3_nav/build install --record /home/lyorrei/Documents/Projects/ponderada2_mod8/build/turtlebot3_nav/install.log --single-version-externally-managed
[1.251s] Level 1:colcon.colcon_core.environment:checking '/home/lyorrei/Documents/Projects/ponderada2_mod8/install/turtlebot3_nav' for CMake module files
[1.251s] Level 1:colcon.colcon_core.environment:checking '/home/lyorrei/Documents/Projects/ponderada2_mod8/install/turtlebot3_nav' for CMake config files
[1.251s] Level 1:colcon.colcon_core.environment:checking '/home/lyorrei/Documents/Projects/ponderada2_mod8/install/turtlebot3_nav/lib'
[1.251s] Level 1:colcon.colcon_core.environment:checking '/home/lyorrei/Documents/Projects/ponderada2_mod8/install/turtlebot3_nav/bin'
[1.252s] Level 1:colcon.colcon_core.environment:checking '/home/lyorrei/Documents/Projects/ponderada2_mod8/install/turtlebot3_nav/lib/pkgconfig/turtlebot3_nav.pc'
[1.252s] Level 1:colcon.colcon_core.environment:checking '/home/lyorrei/Documents/Projects/ponderada2_mod8/install/turtlebot3_nav/lib/python3.10/site-packages'
[1.252s] Level 1:colcon.colcon_core.shell:create_environment_hook('turtlebot3_nav', 'pythonpath')
[1.258s] INFO:colcon.colcon_core.shell:Creating environment hook '/home/lyorrei/Documents/Projects/ponderada2_mod8/install/turtlebot3_nav/share/turtlebot3_nav/hook/pythonpath.ps1'
[1.258s] INFO:colcon.colcon_core.shell:Creating environment descriptor '/home/lyorrei/Documents/Projects/ponderada2_mod8/install/turtlebot3_nav/share/turtlebot3_nav/hook/pythonpath.dsv'
[1.258s] INFO:colcon.colcon_core.shell:Creating environment hook '/home/lyorrei/Documents/Projects/ponderada2_mod8/install/turtlebot3_nav/share/turtlebot3_nav/hook/pythonpath.sh'
[1.259s] Level 1:colcon.colcon_core.environment:checking '/home/lyorrei/Documents/Projects/ponderada2_mod8/install/turtlebot3_nav/bin'
[1.259s] Level 1:colcon.colcon_core.environment:create_environment_scripts_only(turtlebot3_nav)
[1.264s] INFO:colcon.colcon_core.shell:Creating package script '/home/lyorrei/Documents/Projects/ponderada2_mod8/install/turtlebot3_nav/share/turtlebot3_nav/package.ps1'
[1.265s] INFO:colcon.colcon_core.shell:Creating package descriptor '/home/lyorrei/Documents/Projects/ponderada2_mod8/install/turtlebot3_nav/share/turtlebot3_nav/package.dsv'
[1.266s] INFO:colcon.colcon_core.shell:Creating package script '/home/lyorrei/Documents/Projects/ponderada2_mod8/install/turtlebot3_nav/share/turtlebot3_nav/package.sh'
[1.267s] INFO:colcon.colcon_core.shell:Creating package script '/home/lyorrei/Documents/Projects/ponderada2_mod8/install/turtlebot3_nav/share/turtlebot3_nav/package.bash'
[1.268s] INFO:colcon.colcon_core.shell:Creating package script '/home/lyorrei/Documents/Projects/ponderada2_mod8/install/turtlebot3_nav/share/turtlebot3_nav/package.zsh'
[1.268s] Level 1:colcon.colcon_core.environment:create_file_with_runtime_dependencies(/home/lyorrei/Documents/Projects/ponderada2_mod8/install/turtlebot3_nav/share/colcon-core/packages/turtlebot3_nav)
[1.270s] DEBUG:colcon.colcon_core.event_handler.log_command:Invoked command in '/home/lyorrei/Documents/Projects/ponderada2_mod8/src/turtlebot3_nav_mapper' returned '0': PYTHONPATH=/home/lyorrei/Documents/Projects/ponderada2_mod8/build/turtlebot3_nav_mapper/prefix_override:/home/lyorrei/Documents/Projects/ponderada2_mod8/install/turtlebot3_nav_mapper/lib/python3.10/site-packages:${PYTHONPATH} /usr/bin/python3 setup.py egg_info --egg-base ../../build/turtlebot3_nav_mapper build --build-base /home/lyorrei/Documents/Projects/ponderada2_mod8/build/turtlebot3_nav_mapper/build install --record /home/lyorrei/Documents/Projects/ponderada2_mod8/build/turtlebot3_nav_mapper/install.log --single-version-externally-managed
[1.275s] Level 1:colcon.colcon_core.environment:checking '/home/lyorrei/Documents/Projects/ponderada2_mod8/install/turtlebot3_nav_mapper' for CMake module files
[1.275s] Level 1:colcon.colcon_core.environment:checking '/home/lyorrei/Documents/Projects/ponderada2_mod8/install/turtlebot3_nav_mapper' for CMake config files
[1.276s] Level 1:colcon.colcon_core.environment:checking '/home/lyorrei/Documents/Projects/ponderada2_mod8/install/turtlebot3_nav_mapper/lib'
[1.276s] Level 1:colcon.colcon_core.environment:checking '/home/lyorrei/Documents/Projects/ponderada2_mod8/install/turtlebot3_nav_mapper/bin'
[1.276s] Level 1:colcon.colcon_core.environment:checking '/home/lyorrei/Documents/Projects/ponderada2_mod8/install/turtlebot3_nav_mapper/lib/pkgconfig/turtlebot3_nav_mapper.pc'
[1.276s] Level 1:colcon.colcon_core.environment:checking '/home/lyorrei/Documents/Projects/ponderada2_mod8/install/turtlebot3_nav_mapper/lib/python3.10/site-packages'
[1.276s] Level 1:colcon.colcon_core.shell:create_environment_hook('turtlebot3_nav_mapper', 'pythonpath')
[1.282s] INFO:colcon.colcon_core.shell:Creating environment hook '/home/lyorrei/Documents/Projects/ponderada2_mod8/install/turtlebot3_nav_mapper/share/turtlebot3_nav_mapper/hook/pythonpath.ps1'
[1.285s] INFO:colcon.colcon_core.shell:Creating environment descriptor '/home/lyorrei/Documents/Projects/ponderada2_mod8/install/turtlebot3_nav_mapper/share/turtlebot3_nav_mapper/hook/pythonpath.dsv'
[1.285s] INFO:colcon.colcon_core.shell:Creating environment hook '/home/lyorrei/Documents/Projects/ponderada2_mod8/install/turtlebot3_nav_mapper/share/turtlebot3_nav_mapper/hook/pythonpath.sh'
[1.286s] Level 1:colcon.colcon_core.environment:checking '/home/lyorrei/Documents/Projects/ponderada2_mod8/install/turtlebot3_nav_mapper/bin'
[1.286s] Level 1:colcon.colcon_core.environment:create_environment_scripts_only(turtlebot3_nav_mapper)
[1.291s] INFO:colcon.colcon_core.shell:Creating package script '/home/lyorrei/Documents/Projects/ponderada2_mod8/install/turtlebot3_nav_mapper/share/turtlebot3_nav_mapper/package.ps1'
[1.292s] INFO:colcon.colcon_core.shell:Creating package descriptor '/home/lyorrei/Documents/Projects/ponderada2_mod8/install/turtlebot3_nav_mapper/share/turtlebot3_nav_mapper/package.dsv'
[1.292s] INFO:colcon.colcon_core.shell:Creating package script '/home/lyorrei/Documents/Projects/ponderada2_mod8/install/turtlebot3_nav_mapper/share/turtlebot3_nav_mapper/package.sh'
[1.292s] INFO:colcon.colcon_core.shell:Creating package script '/home/lyorrei/Documents/Projects/ponderada2_mod8/install/turtlebot3_nav_mapper/share/turtlebot3_nav_mapper/package.bash'
[1.293s] INFO:colcon.colcon_core.shell:Creating package script '/home/lyorrei/Documents/Projects/ponderada2_mod8/install/turtlebot3_nav_mapper/share/turtlebot3_nav_mapper/package.zsh'
[1.293s] Level 1:colcon.colcon_core.environment:create_file_with_runtime_dependencies(/home/lyorrei/Documents/Projects/ponderada2_mod8/install/turtlebot3_nav_mapper/share/colcon-core/packages/turtlebot3_nav_mapper)
[1.293s] DEBUG:colcon.colcon_parallel_executor.executor.parallel:closing loop
[1.294s] DEBUG:colcon.colcon_parallel_executor.executor.parallel:loop closed
[1.294s] DEBUG:colcon.colcon_parallel_executor.executor.parallel:run_until_complete finished with '0'
[1.294s] DEBUG:colcon.colcon_core.event_reactor:joining thread
[1.312s] INFO:colcon.colcon_core.plugin_system:Skipping extension 'colcon_notification.desktop_notification.terminal_notifier': Not used on non-Darwin systems
[1.317s] INFO:colcon.colcon_core.plugin_system:Skipping extension 'colcon_notification.desktop_notification.win32': Not used on non-Windows systems
[1.317s] INFO:colcon.colcon_notification.desktop_notification:Sending desktop notification using 'notify2'
[1.332s] DEBUG:colcon.colcon_core.event_reactor:joined thread
[1.338s] INFO:colcon.colcon_core.shell:Creating prefix script '/home/lyorrei/Documents/Projects/ponderada2_mod8/install/local_setup.ps1'
[1.339s] INFO:colcon.colcon_core.shell:Creating prefix util module '/home/lyorrei/Documents/Projects/ponderada2_mod8/install/_local_setup_util_ps1.py'
[1.340s] INFO:colcon.colcon_core.shell:Creating prefix chain script '/home/lyorrei/Documents/Projects/ponderada2_mod8/install/setup.ps1'
[1.350s] INFO:colcon.colcon_core.shell:Creating prefix script '/home/lyorrei/Documents/Projects/ponderada2_mod8/install/local_setup.sh'
[1.350s] INFO:colcon.colcon_core.shell:Creating prefix util module '/home/lyorrei/Documents/Projects/ponderada2_mod8/install/_local_setup_util_sh.py'
[1.351s] INFO:colcon.colcon_core.shell:Creating prefix chain script '/home/lyorrei/Documents/Projects/ponderada2_mod8/install/setup.sh'
[1.358s] INFO:colcon.colcon_core.shell:Creating prefix script '/home/lyorrei/Documents/Projects/ponderada2_mod8/install/local_setup.bash'
[1.358s] INFO:colcon.colcon_core.shell:Creating prefix chain script '/home/lyorrei/Documents/Projects/ponderada2_mod8/install/setup.bash'
[1.363s] INFO:colcon.colcon_core.shell:Creating prefix script '/home/lyorrei/Documents/Projects/ponderada2_mod8/install/local_setup.zsh'
[1.364s] INFO:colcon.colcon_core.shell:Creating prefix chain script '/home/lyorrei/Documents/Projects/ponderada2_mod8/install/setup.zsh'
