[1.431s] Invoking command in '/Users/lyo.quintao/Documents/development/Projects/ponderada2_mod8/src/turtlebot3_nav_mapper': CONDA_PROMPT_MODIFIER=(ros_env) PYTHONPATH=/Users/lyo.quintao/Documents/development/Projects/ponderada2_mod8/build/turtlebot3_nav_mapper/prefix_override:/Users/lyo.quintao/Documents/development/Projects/ponderada2_mod8/install/turtlebot3_nav_mapper/lib/python3.10/site-packages:${PYTHONPATH} SHLVL=6 VIRTUAL_ENV_PROMPT=(.venv) _=/usr/bin/env /Users/lyo.quintao/anaconda3/envs/ros_env/bin/python3.10 setup.py egg_info --egg-base ../../build/turtlebot3_nav_mapper build --build-base /Users/lyo.quintao/Documents/development/Projects/ponderada2_mod8/build/turtlebot3_nav_mapper/build install --record /Users/lyo.quintao/Documents/development/Projects/ponderada2_mod8/build/turtlebot3_nav_mapper/install.log --single-version-externally-managed
[1.882s] running egg_info
[1.914s] writing ../../build/turtlebot3_nav_mapper/turtlebot3_nav_mapper.egg-info/PKG-INFO
[1.939s] writing dependency_links to ../../build/turtlebot3_nav_mapper/turtlebot3_nav_mapper.egg-info/dependency_links.txt
[2.073s] writing requirements to ../../build/turtlebot3_nav_mapper/turtlebot3_nav_mapper.egg-info/requires.txt
[2.100s] writing top-level names to ../../build/turtlebot3_nav_mapper/turtlebot3_nav_mapper.egg-info/top_level.txt
[2.145s] reading manifest file '../../build/turtlebot3_nav_mapper/turtlebot3_nav_mapper.egg-info/SOURCES.txt'
[2.146s] writing manifest file '../../build/turtlebot3_nav_mapper/turtlebot3_nav_mapper.egg-info/SOURCES.txt'
[2.146s] running build
[2.146s] running build_py
[2.146s] running install
[2.147s] /Users/lyo.quintao/anaconda3/envs/ros_env/lib/python3.10/site-packages/setuptools/command/install.py:34: SetuptoolsDeprecationWarning: setup.py install is deprecated. Use build and pip and other standards-based tools.
[2.147s]   warnings.warn(
[2.150s] running install_lib
[2.184s] running install_data
[2.193s] running install_egg_info
[2.226s] removing '/Users/lyo.quintao/Documents/development/Projects/ponderada2_mod8/install/turtlebot3_nav_mapper/lib/python3.10/site-packages/turtlebot3_nav_mapper-0.0.0-py3.10.egg-info' (and everything under it)
[2.227s] Copying ../../build/turtlebot3_nav_mapper/turtlebot3_nav_mapper.egg-info to /Users/lyo.quintao/Documents/development/Projects/ponderada2_mod8/install/turtlebot3_nav_mapper/lib/python3.10/site-packages/turtlebot3_nav_mapper-0.0.0-py3.10.egg-info
[2.228s] running install_scripts
[2.299s] writing list of installed files to '/Users/lyo.quintao/Documents/development/Projects/ponderada2_mod8/build/turtlebot3_nav_mapper/install.log'
[2.318s] Invoked command in '/Users/lyo.quintao/Documents/development/Projects/ponderada2_mod8/src/turtlebot3_nav_mapper' returned '0': CONDA_PROMPT_MODIFIER=(ros_env) PYTHONPATH=/Users/lyo.quintao/Documents/development/Projects/ponderada2_mod8/build/turtlebot3_nav_mapper/prefix_override:/Users/lyo.quintao/Documents/development/Projects/ponderada2_mod8/install/turtlebot3_nav_mapper/lib/python3.10/site-packages:${PYTHONPATH} SHLVL=6 VIRTUAL_ENV_PROMPT=(.venv) _=/usr/bin/env /Users/lyo.quintao/anaconda3/envs/ros_env/bin/python3.10 setup.py egg_info --egg-base ../../build/turtlebot3_nav_mapper build --build-base /Users/lyo.quintao/Documents/development/Projects/ponderada2_mod8/build/turtlebot3_nav_mapper/build install --record /Users/lyo.quintao/Documents/development/Projects/ponderada2_mod8/build/turtlebot3_nav_mapper/install.log --single-version-externally-managed
