running egg_info
writing ../../build/turtlebot3_nav/turtlebot3_nav.egg-info/PKG-INFO
writing dependency_links to ../../build/turtlebot3_nav/turtlebot3_nav.egg-info/dependency_links.txt
writing requirements to ../../build/turtlebot3_nav/turtlebot3_nav.egg-info/requires.txt
writing top-level names to ../../build/turtlebot3_nav/turtlebot3_nav.egg-info/top_level.txt
reading manifest file '../../build/turtlebot3_nav/turtlebot3_nav.egg-info/SOURCES.txt'
writing manifest file '../../build/turtlebot3_nav/turtlebot3_nav.egg-info/SOURCES.txt'
running build
running build_py
running install
/Users/lyo.quintao/anaconda3/envs/ros_env/lib/python3.10/site-packages/setuptools/command/install.py:34: SetuptoolsDeprecationWarning: setup.py install is deprecated. Use build and pip and other standards-based tools.
  warnings.warn(
running install_lib
running install_data
creating /Users/lyo.quintao/Documents/development/Projects/ponderada2_mod8/install/turtlebot3_nav/share/turtlebot3_nav/launch
copying launch/turtlebot3_nav_launch.xml -> /Users/lyo.quintao/Documents/development/Projects/ponderada2_mod8/install/turtlebot3_nav/share/turtlebot3_nav/launch
running install_egg_info
removing '/Users/lyo.quintao/Documents/development/Projects/ponderada2_mod8/install/turtlebot3_nav/lib/python3.10/site-packages/turtlebot3_nav-0.0.0-py3.10.egg-info' (and everything under it)
Copying ../../build/turtlebot3_nav/turtlebot3_nav.egg-info to /Users/lyo.quintao/Documents/development/Projects/ponderada2_mod8/install/turtlebot3_nav/lib/python3.10/site-packages/turtlebot3_nav-0.0.0-py3.10.egg-info
running install_scripts
writing list of installed files to '/Users/lyo.quintao/Documents/development/Projects/ponderada2_mod8/build/turtlebot3_nav/install.log'
