[1.466s] Invoking command in '/Users/lyo.quintao/Documents/development/Projects/ponderada2_mod8/src/turtlebot3_nav': CONDA_PROMPT_MODIFIER=(ros_env) PYTHONPATH=/Users/lyo.quintao/Documents/development/Projects/ponderada2_mod8/build/turtlebot3_nav/prefix_override:/Users/lyo.quintao/Documents/development/Projects/ponderada2_mod8/install/turtlebot3_nav/lib/python3.10/site-packages:${PYTHONPATH} SHLVL=6 VIRTUAL_ENV_PROMPT=(.venv) _=/usr/bin/env /Users/lyo.quintao/anaconda3/envs/ros_env/bin/python3.10 setup.py egg_info --egg-base ../../build/turtlebot3_nav build --build-base /Users/lyo.quintao/Documents/development/Projects/ponderada2_mod8/build/turtlebot3_nav/build install --record /Users/lyo.quintao/Documents/development/Projects/ponderada2_mod8/build/turtlebot3_nav/install.log --single-version-externally-managed
[1.920s] running egg_info
[1.953s] writing ../../build/turtlebot3_nav/turtlebot3_nav.egg-info/PKG-INFO
[1.980s] writing dependency_links to ../../build/turtlebot3_nav/turtlebot3_nav.egg-info/dependency_links.txt
[2.115s] writing requirements to ../../build/turtlebot3_nav/turtlebot3_nav.egg-info/requires.txt
[2.140s] writing top-level names to ../../build/turtlebot3_nav/turtlebot3_nav.egg-info/top_level.txt
[2.183s] reading manifest file '../../build/turtlebot3_nav/turtlebot3_nav.egg-info/SOURCES.txt'
[2.184s] writing manifest file '../../build/turtlebot3_nav/turtlebot3_nav.egg-info/SOURCES.txt'
[2.184s] running build
[2.184s] running build_py
[2.184s] running install
[2.184s] /Users/lyo.quintao/anaconda3/envs/ros_env/lib/python3.10/site-packages/setuptools/command/install.py:34: SetuptoolsDeprecationWarning: setup.py install is deprecated. Use build and pip and other standards-based tools.
[2.184s]   warnings.warn(
[2.187s] running install_lib
[2.221s] running install_data
[2.229s] creating /Users/lyo.quintao/Documents/development/Projects/ponderada2_mod8/install/turtlebot3_nav/share/turtlebot3_nav/launch
[2.230s] copying launch/turtlebot3_nav_launch.xml -> /Users/lyo.quintao/Documents/development/Projects/ponderada2_mod8/install/turtlebot3_nav/share/turtlebot3_nav/launch
[2.230s] running install_egg_info
[2.264s] removing '/Users/lyo.quintao/Documents/development/Projects/ponderada2_mod8/install/turtlebot3_nav/lib/python3.10/site-packages/turtlebot3_nav-0.0.0-py3.10.egg-info' (and everything under it)
[2.264s] Copying ../../build/turtlebot3_nav/turtlebot3_nav.egg-info to /Users/lyo.quintao/Documents/development/Projects/ponderada2_mod8/install/turtlebot3_nav/lib/python3.10/site-packages/turtlebot3_nav-0.0.0-py3.10.egg-info
[2.266s] running install_scripts
[2.343s] writing list of installed files to '/Users/lyo.quintao/Documents/development/Projects/ponderada2_mod8/build/turtlebot3_nav/install.log'
[2.390s] Invoked command in '/Users/lyo.quintao/Documents/development/Projects/ponderada2_mod8/src/turtlebot3_nav' returned '0': CONDA_PROMPT_MODIFIER=(ros_env) PYTHONPATH=/Users/lyo.quintao/Documents/development/Projects/ponderada2_mod8/build/turtlebot3_nav/prefix_override:/Users/lyo.quintao/Documents/development/Projects/ponderada2_mod8/install/turtlebot3_nav/lib/python3.10/site-packages:${PYTHONPATH} SHLVL=6 VIRTUAL_ENV_PROMPT=(.venv) _=/usr/bin/env /Users/lyo.quintao/anaconda3/envs/ros_env/bin/python3.10 setup.py egg_info --egg-base ../../build/turtlebot3_nav build --build-base /Users/lyo.quintao/Documents/development/Projects/ponderada2_mod8/build/turtlebot3_nav/build install --record /Users/lyo.quintao/Documents/development/Projects/ponderada2_mod8/build/turtlebot3_nav/install.log --single-version-externally-managed
