running egg_info
creating ../../build/turtlebot3_nav_mapper/turtlebot3_nav_mapper.egg-info
writing ../../build/turtlebot3_nav_mapper/turtlebot3_nav_mapper.egg-info/PKG-INFO
writing dependency_links to ../../build/turtlebot3_nav_mapper/turtlebot3_nav_mapper.egg-info/dependency_links.txt
writing requirements to ../../build/turtlebot3_nav_mapper/turtlebot3_nav_mapper.egg-info/requires.txt
writing top-level names to ../../build/turtlebot3_nav_mapper/turtlebot3_nav_mapper.egg-info/top_level.txt
writing manifest file '../../build/turtlebot3_nav_mapper/turtlebot3_nav_mapper.egg-info/SOURCES.txt'
reading manifest file '../../build/turtlebot3_nav_mapper/turtlebot3_nav_mapper.egg-info/SOURCES.txt'
writing manifest file '../../build/turtlebot3_nav_mapper/turtlebot3_nav_mapper.egg-info/SOURCES.txt'
running build
running build_py
creating /Users/lyo.quintao/Documents/development/Projects/ponderada2_mod8/build/turtlebot3_nav_mapper/build
creating /Users/lyo.quintao/Documents/development/Projects/ponderada2_mod8/build/turtlebot3_nav_mapper/build/lib
creating /Users/lyo.quintao/Documents/development/Projects/ponderada2_mod8/build/turtlebot3_nav_mapper/build/lib/turtlebot3_nav_mapper
copying turtlebot3_nav_mapper/__init__.py -> /Users/lyo.quintao/Documents/development/Projects/ponderada2_mod8/build/turtlebot3_nav_mapper/build/lib/turtlebot3_nav_mapper
running install
/Users/lyo.quintao/anaconda3/envs/ros_env/lib/python3.10/site-packages/setuptools/command/install.py:34: SetuptoolsDeprecationWarning: setup.py install is deprecated. Use build and pip and other standards-based tools.
  warnings.warn(
running install_lib
creating /Users/lyo.quintao/Documents/development/Projects/ponderada2_mod8/install/turtlebot3_nav_mapper/lib/python3.10/site-packages/turtlebot3_nav_mapper
copying /Users/lyo.quintao/Documents/development/Projects/ponderada2_mod8/build/turtlebot3_nav_mapper/build/lib/turtlebot3_nav_mapper/__init__.py -> /Users/lyo.quintao/Documents/development/Projects/ponderada2_mod8/install/turtlebot3_nav_mapper/lib/python3.10/site-packages/turtlebot3_nav_mapper
byte-compiling /Users/lyo.quintao/Documents/development/Projects/ponderada2_mod8/install/turtlebot3_nav_mapper/lib/python3.10/site-packages/turtlebot3_nav_mapper/__init__.py to __init__.cpython-310.pyc
running install_data
creating /Users/lyo.quintao/Documents/development/Projects/ponderada2_mod8/install/turtlebot3_nav_mapper/share/ament_index
creating /Users/lyo.quintao/Documents/development/Projects/ponderada2_mod8/install/turtlebot3_nav_mapper/share/ament_index/resource_index
creating /Users/lyo.quintao/Documents/development/Projects/ponderada2_mod8/install/turtlebot3_nav_mapper/share/ament_index/resource_index/packages
copying resource/turtlebot3_nav_mapper -> /Users/lyo.quintao/Documents/development/Projects/ponderada2_mod8/install/turtlebot3_nav_mapper/share/ament_index/resource_index/packages
copying package.xml -> /Users/lyo.quintao/Documents/development/Projects/ponderada2_mod8/install/turtlebot3_nav_mapper/share/turtlebot3_nav_mapper
creating /Users/lyo.quintao/Documents/development/Projects/ponderada2_mod8/install/turtlebot3_nav_mapper/share/turtlebot3_nav_mapper/launch
running install_egg_info
Copying ../../build/turtlebot3_nav_mapper/turtlebot3_nav_mapper.egg-info to /Users/lyo.quintao/Documents/development/Projects/ponderada2_mod8/install/turtlebot3_nav_mapper/lib/python3.10/site-packages/turtlebot3_nav_mapper-0.0.0-py3.10.egg-info
running install_scripts
writing list of installed files to '/Users/lyo.quintao/Documents/development/Projects/ponderada2_mod8/build/turtlebot3_nav_mapper/install.log'
