[0.568s] Invoking command in '/home/lyorrei/Documents/Projects/ponderada2_mod8/src/turtlebot3_nav_mapper': PYTHONPATH=/home/lyorrei/Documents/Projects/ponderada2_mod8/build/turtlebot3_nav_mapper/prefix_override:/home/lyorrei/Documents/Projects/ponderada2_mod8/install/turtlebot3_nav_mapper/lib/python3.10/site-packages:${PYTHONPATH} /usr/bin/python3 setup.py egg_info --egg-base ../../build/turtlebot3_nav_mapper build --build-base /home/lyorrei/Documents/Projects/ponderada2_mod8/build/turtlebot3_nav_mapper/build install --record /home/lyorrei/Documents/Projects/ponderada2_mod8/build/turtlebot3_nav_mapper/install.log --single-version-externally-managed
[0.668s] running egg_info
[0.668s] writing ../../build/turtlebot3_nav_mapper/turtlebot3_nav_mapper.egg-info/PKG-INFO
[0.668s] writing dependency_links to ../../build/turtlebot3_nav_mapper/turtlebot3_nav_mapper.egg-info/dependency_links.txt
[0.668s] writing entry points to ../../build/turtlebot3_nav_mapper/turtlebot3_nav_mapper.egg-info/entry_points.txt
[0.668s] writing requirements to ../../build/turtlebot3_nav_mapper/turtlebot3_nav_mapper.egg-info/requires.txt
[0.668s] writing top-level names to ../../build/turtlebot3_nav_mapper/turtlebot3_nav_mapper.egg-info/top_level.txt
[0.669s] reading manifest file '../../build/turtlebot3_nav_mapper/turtlebot3_nav_mapper.egg-info/SOURCES.txt'
[0.670s] writing manifest file '../../build/turtlebot3_nav_mapper/turtlebot3_nav_mapper.egg-info/SOURCES.txt'
[0.670s] running build
[0.670s] running build_py
[0.670s] running install
[0.671s] /usr/lib/python3/dist-packages/setuptools/command/install.py:34: SetuptoolsDeprecationWarning: setup.py install is deprecated. Use build and pip and other standards-based tools.
[0.671s]   warnings.warn(
[0.671s] running install_lib
[0.671s] running install_data
[0.671s] running install_egg_info
[0.672s] removing '/home/lyorrei/Documents/Projects/ponderada2_mod8/install/turtlebot3_nav_mapper/lib/python3.10/site-packages/turtlebot3_nav_mapper-0.0.0-py3.10.egg-info' (and everything under it)
[0.672s] Copying ../../build/turtlebot3_nav_mapper/turtlebot3_nav_mapper.egg-info to /home/lyorrei/Documents/Projects/ponderada2_mod8/install/turtlebot3_nav_mapper/lib/python3.10/site-packages/turtlebot3_nav_mapper-0.0.0-py3.10.egg-info
[0.672s] running install_scripts
[0.684s] writing list of installed files to '/home/lyorrei/Documents/Projects/ponderada2_mod8/build/turtlebot3_nav_mapper/install.log'
[0.720s] Invoked command in '/home/lyorrei/Documents/Projects/ponderada2_mod8/src/turtlebot3_nav_mapper' returned '0': PYTHONPATH=/home/lyorrei/Documents/Projects/ponderada2_mod8/build/turtlebot3_nav_mapper/prefix_override:/home/lyorrei/Documents/Projects/ponderada2_mod8/install/turtlebot3_nav_mapper/lib/python3.10/site-packages:${PYTHONPATH} /usr/bin/python3 setup.py egg_info --egg-base ../../build/turtlebot3_nav_mapper build --build-base /home/lyorrei/Documents/Projects/ponderada2_mod8/build/turtlebot3_nav_mapper/build install --record /home/lyorrei/Documents/Projects/ponderada2_mod8/build/turtlebot3_nav_mapper/install.log --single-version-externally-managed
