[1.111s] Invoking command in '/Users/lyo.quintao/Documents/development/Projects/ponderada2_mod8/src/turtlebot3_nav_mapper': CONDA_PROMPT_MODIFIER=(ros_env) PYTHONPATH=/Users/lyo.quintao/Documents/development/Projects/ponderada2_mod8/build/turtlebot3_nav_mapper/prefix_override:/Users/lyo.quintao/Documents/development/Projects/ponderada2_mod8/install/turtlebot3_nav_mapper/lib/python3.10/site-packages:${PYTHONPATH} SHLVL=6 VIRTUAL_ENV_PROMPT=(.venv) _=/usr/bin/env /Users/lyo.quintao/anaconda3/envs/ros_env/bin/python3.10 setup.py egg_info --egg-base ../../build/turtlebot3_nav_mapper build --build-base /Users/lyo.quintao/Documents/development/Projects/ponderada2_mod8/build/turtlebot3_nav_mapper/build install --record /Users/lyo.quintao/Documents/development/Projects/ponderada2_mod8/build/turtlebot3_nav_mapper/install.log --single-version-externally-managed
[1.610s] running egg_info
[1.646s] writing ../../build/turtlebot3_nav_mapper/turtlebot3_nav_mapper.egg-info/PKG-INFO
[1.674s] writing dependency_links to ../../build/turtlebot3_nav_mapper/turtlebot3_nav_mapper.egg-info/dependency_links.txt
[1.823s] writing requirements to ../../build/turtlebot3_nav_mapper/turtlebot3_nav_mapper.egg-info/requires.txt
[1.852s] writing top-level names to ../../build/turtlebot3_nav_mapper/turtlebot3_nav_mapper.egg-info/top_level.txt
[1.898s] reading manifest file '../../build/turtlebot3_nav_mapper/turtlebot3_nav_mapper.egg-info/SOURCES.txt'
[1.898s] writing manifest file '../../build/turtlebot3_nav_mapper/turtlebot3_nav_mapper.egg-info/SOURCES.txt'
[1.898s] running build
[1.898s] running build_py
[1.899s] running install
[1.899s] /Users/lyo.quintao/anaconda3/envs/ros_env/lib/python3.10/site-packages/setuptools/command/install.py:34: SetuptoolsDeprecationWarning: setup.py install is deprecated. Use build and pip and other standards-based tools.
[1.899s]   warnings.warn(
[1.902s] running install_lib
[1.939s] running install_data
[1.947s] running install_egg_info
[1.986s] removing '/Users/lyo.quintao/Documents/development/Projects/ponderada2_mod8/install/turtlebot3_nav_mapper/lib/python3.10/site-packages/turtlebot3_nav_mapper-0.0.0-py3.10.egg-info' (and everything under it)
[1.986s] Copying ../../build/turtlebot3_nav_mapper/turtlebot3_nav_mapper.egg-info to /Users/lyo.quintao/Documents/development/Projects/ponderada2_mod8/install/turtlebot3_nav_mapper/lib/python3.10/site-packages/turtlebot3_nav_mapper-0.0.0-py3.10.egg-info
[1.987s] running install_scripts
[2.068s] writing list of installed files to '/Users/lyo.quintao/Documents/development/Projects/ponderada2_mod8/build/turtlebot3_nav_mapper/install.log'
[2.084s] Invoked command in '/Users/lyo.quintao/Documents/development/Projects/ponderada2_mod8/src/turtlebot3_nav_mapper' returned '0': CONDA_PROMPT_MODIFIER=(ros_env) PYTHONPATH=/Users/lyo.quintao/Documents/development/Projects/ponderada2_mod8/build/turtlebot3_nav_mapper/prefix_override:/Users/lyo.quintao/Documents/development/Projects/ponderada2_mod8/install/turtlebot3_nav_mapper/lib/python3.10/site-packages:${PYTHONPATH} SHLVL=6 VIRTUAL_ENV_PROMPT=(.venv) _=/usr/bin/env /Users/lyo.quintao/anaconda3/envs/ros_env/bin/python3.10 setup.py egg_info --egg-base ../../build/turtlebot3_nav_mapper build --build-base /Users/lyo.quintao/Documents/development/Projects/ponderada2_mod8/build/turtlebot3_nav_mapper/build install --record /Users/lyo.quintao/Documents/development/Projects/ponderada2_mod8/build/turtlebot3_nav_mapper/install.log --single-version-externally-managed
