[0.527s] Invoking command in '/home/lyorrei/Documents/Projects/ponderada2_mod8/src/turtlebot3_nav': PYTHONPATH=/home/lyorrei/Documents/Projects/ponderada2_mod8/build/turtlebot3_nav/prefix_override:/home/lyorrei/Documents/Projects/ponderada2_mod8/install/turtlebot3_nav/lib/python3.10/site-packages:${PYTHONPATH} /usr/bin/python3 setup.py egg_info --egg-base ../../build/turtlebot3_nav build --build-base /home/lyorrei/Documents/Projects/ponderada2_mod8/build/turtlebot3_nav/build install --record /home/lyorrei/Documents/Projects/ponderada2_mod8/build/turtlebot3_nav/install.log --single-version-externally-managed
[0.634s] running egg_info
[0.634s] writing ../../build/turtlebot3_nav/turtlebot3_nav.egg-info/PKG-INFO
[0.634s] writing dependency_links to ../../build/turtlebot3_nav/turtlebot3_nav.egg-info/dependency_links.txt
[0.634s] writing entry points to ../../build/turtlebot3_nav/turtlebot3_nav.egg-info/entry_points.txt
[0.634s] writing requirements to ../../build/turtlebot3_nav/turtlebot3_nav.egg-info/requires.txt
[0.635s] writing top-level names to ../../build/turtlebot3_nav/turtlebot3_nav.egg-info/top_level.txt
[0.636s] reading manifest file '../../build/turtlebot3_nav/turtlebot3_nav.egg-info/SOURCES.txt'
[0.636s] writing manifest file '../../build/turtlebot3_nav/turtlebot3_nav.egg-info/SOURCES.txt'
[0.636s] running build
[0.636s] running build_py
[0.636s] running install
[0.636s] /usr/lib/python3/dist-packages/setuptools/command/install.py:34: SetuptoolsDeprecationWarning: setup.py install is deprecated. Use build and pip and other standards-based tools.
[0.636s]   warnings.warn(
[0.637s] running install_lib
[0.638s] running install_data
[0.638s] running install_egg_info
[0.639s] removing '/home/lyorrei/Documents/Projects/ponderada2_mod8/install/turtlebot3_nav/lib/python3.10/site-packages/turtlebot3_nav-0.0.0-py3.10.egg-info' (and everything under it)
[0.639s] Copying ../../build/turtlebot3_nav/turtlebot3_nav.egg-info to /home/lyorrei/Documents/Projects/ponderada2_mod8/install/turtlebot3_nav/lib/python3.10/site-packages/turtlebot3_nav-0.0.0-py3.10.egg-info
[0.640s] running install_scripts
[0.651s] writing list of installed files to '/home/lyorrei/Documents/Projects/ponderada2_mod8/build/turtlebot3_nav/install.log'
[0.671s] Invoked command in '/home/lyorrei/Documents/Projects/ponderada2_mod8/src/turtlebot3_nav' returned '0': PYTHONPATH=/home/lyorrei/Documents/Projects/ponderada2_mod8/build/turtlebot3_nav/prefix_override:/home/lyorrei/Documents/Projects/ponderada2_mod8/install/turtlebot3_nav/lib/python3.10/site-packages:${PYTHONPATH} /usr/bin/python3 setup.py egg_info --egg-base ../../build/turtlebot3_nav build --build-base /home/lyorrei/Documents/Projects/ponderada2_mod8/build/turtlebot3_nav/build install --record /home/lyorrei/Documents/Projects/ponderada2_mod8/build/turtlebot3_nav/install.log --single-version-externally-managed
